ERROR - 2022-06-14 20:26:51 --> Error connecting to the database: Unknown database 'pw_example'
CRITICAL - 2022-06-14 20:26:51 --> Unable to connect to the database.
Main connection [MySQLi]: Unknown database 'pw_example'
in SYSTEMPATH/Database/BaseConnection.php on line 415.
 1 SYSTEMPATH/Database/BaseConnection.php(585): CodeIgniter\Database\BaseConnection->initialize()
 2 SYSTEMPATH/Database/BaseBuilder.php(1585): CodeIgniter\Database\BaseConnection->query('SELECT *
FROM `clients`', [], false)
 3 SYSTEMPATH/Model.php(222): CodeIgniter\Database\BaseBuilder->get()
 4 SYSTEMPATH/BaseModel.php(584): CodeIgniter\Model->doFindAll(0, 0)
 5 APPPATH/Models/ClientModel.php(12): CodeIgniter\BaseModel->findAll()
 6 APPPATH/Controllers/Client.php(13): App\Models\ClientModel->listClient()
 7 SYSTEMPATH/CodeIgniter.php(898): App\Controllers\Client->listClient()
 8 SYSTEMPATH/CodeIgniter.php(468): CodeIgniter\CodeIgniter->runController(Object(App\Controllers\Client))
 9 SYSTEMPATH/CodeIgniter.php(351): CodeIgniter\CodeIgniter->handleRequest(null, Object(Config\Cache), false)
10 FCPATH/index.php(55): CodeIgniter\CodeIgniter->run()
ERROR - 2022-06-14 20:27:10 --> Error connecting to the database: Unknown database 'pw_example'
CRITICAL - 2022-06-14 20:27:10 --> Unable to connect to the database.
Main connection [MySQLi]: Unknown database 'pw_example'
in SYSTEMPATH/Database/BaseConnection.php on line 415.
 1 SYSTEMPATH/Database/BaseConnection.php(585): CodeIgniter\Database\BaseConnection->initialize()
 2 SYSTEMPATH/Database/BaseBuilder.php(1585): CodeIgniter\Database\BaseConnection->query('SELECT *
FROM `clients`', [], false)
 3 SYSTEMPATH/Model.php(222): CodeIgniter\Database\BaseBuilder->get()
 4 SYSTEMPATH/BaseModel.php(584): CodeIgniter\Model->doFindAll(0, 0)
 5 APPPATH/Models/ClientModel.php(12): CodeIgniter\BaseModel->findAll()
 6 APPPATH/Controllers/Client.php(13): App\Models\ClientModel->listClient()
 7 SYSTEMPATH/CodeIgniter.php(898): App\Controllers\Client->listClient()
 8 SYSTEMPATH/CodeIgniter.php(468): CodeIgniter\CodeIgniter->runController(Object(App\Controllers\Client))
 9 SYSTEMPATH/CodeIgniter.php(351): CodeIgniter\CodeIgniter->handleRequest(null, Object(Config\Cache), false)
10 FCPATH/index.php(55): CodeIgniter\CodeIgniter->run()
ERROR - 2022-06-14 20:47:51 --> Error connecting to the database: Unknown database 'pw_example'
CRITICAL - 2022-06-14 20:47:51 --> Unable to connect to the database.
Main connection [MySQLi]: Unknown database 'pw_example'
in SYSTEMPATH/Database/BaseConnection.php on line 415.
 1 SYSTEMPATH/Database/BaseConnection.php(585): CodeIgniter\Database\BaseConnection->initialize()
 2 SYSTEMPATH/Database/BaseBuilder.php(1585): CodeIgniter\Database\BaseConnection->query('SELECT *
FROM `clients`', [], false)
 3 SYSTEMPATH/Model.php(222): CodeIgniter\Database\BaseBuilder->get()
 4 SYSTEMPATH/BaseModel.php(584): CodeIgniter\Model->doFindAll(0, 0)
 5 APPPATH/Models/ClientModel.php(12): CodeIgniter\BaseModel->findAll()
 6 APPPATH/Controllers/Client.php(13): App\Models\ClientModel->listClient()
 7 SYSTEMPATH/CodeIgniter.php(898): App\Controllers\Client->listClient()
 8 SYSTEMPATH/CodeIgniter.php(468): CodeIgniter\CodeIgniter->runController(Object(App\Controllers\Client))
 9 SYSTEMPATH/CodeIgniter.php(351): CodeIgniter\CodeIgniter->handleRequest(null, Object(Config\Cache), false)
10 FCPATH/index.php(55): CodeIgniter\CodeIgniter->run()
CRITICAL - 2022-06-14 20:48:25 --> Invalid file: pages/listClients.php
in SYSTEMPATH/Exceptions/FrameworkException.php on line 33.
 1 SYSTEMPATH/View/View.php(201): CodeIgniter\Exceptions\FrameworkException::forInvalidFile('pages/listClients.php')
 2 SYSTEMPATH/Common.php(1135): CodeIgniter\View\View->render('pages/listClients', [], true)
 3 APPPATH/Controllers/Client.php(17): view('pages/listClients')
 4 SYSTEMPATH/CodeIgniter.php(898): App\Controllers\Client->listClient()
 5 SYSTEMPATH/CodeIgniter.php(468): CodeIgniter\CodeIgniter->runController(Object(App\Controllers\Client))
 6 SYSTEMPATH/CodeIgniter.php(351): CodeIgniter\CodeIgniter->handleRequest(null, Object(Config\Cache), false)
 7 FCPATH/index.php(55): CodeIgniter\CodeIgniter->run()
